{"contracts\\Token.sol":{"l":{"34":1,"35":1,"49":5,"50":4,"58":4,"59":4,"62":4,"72":11},"path":"C:\\Users\\User\\Desktop\\Tesvan_intership\\hardhat-tutorial\\contracts\\Token.sol","s":{"1":5,"2":4,"3":4,"4":11},"b":{"1":[4,1]},"f":{"1":1,"2":5,"3":11},"fnMap":{"1":{"name":"constructor","line":31,"loc":{"start":{"line":31,"column":4},"end":{"line":36,"column":4}}},"2":{"name":"transfer","line":44,"loc":{"start":{"line":44,"column":4},"end":{"line":63,"column":4}}},"3":{"name":"balanceOf","line":71,"loc":{"start":{"line":71,"column":4},"end":{"line":73,"column":4}}}},"statementMap":{"1":{"start":{"line":49,"column":8},"end":{"line":49,"column":67}},"2":{"start":{"line":50,"column":9},"end":{"line":50,"column":1751}},"3":{"start":{"line":62,"column":8},"end":{"line":62,"column":45}},"4":{"start":{"line":72,"column":8},"end":{"line":72,"column":32}}},"branchMap":{"1":{"line":49,"type":"if","locations":[{"start":{"line":49,"column":8},"end":{"line":49,"column":8}},{"start":{"line":49,"column":8},"end":{"line":49,"column":8}}]}}}}